<?xml version="1.0" encoding="UTF-8"?>
<!-- Generated by org.testng.reporters.JUnitReportReporter -->
<testsuite skipped="0" hostname="Janky-PC" name="testCases.TestCase_1" tests="2" failures="0" timestamp="12 May 2020 18:21:04 GMT" time="77.362" errors="0">
  <testcase name="step1" time="3.641" classname="testCases.TestCase_1"/>
  <testcase name="step2" time="73.721" classname="testCases.TestCase_1"/>
</testsuite> <!-- testCases.TestCase_1 -->
