<?xml version="1.0" encoding="UTF-8"?>
<!-- Generated by org.testng.reporters.JUnitReportReporter -->
<testsuite skipped="0" hostname="Janky-PC" name="testCases.TestCase_1" tests="2" failures="0" timestamp="2020-06-26T11:15:35 IST" time="73.373" errors="0">
  <testcase name="step2" time="69.257" classname="testCases.TestCase_1"/>
  <system-out/>
  <testcase name="step1" time="4.116" classname="testCases.TestCase_1"/>
  <system-out/>
</testsuite> <!-- testCases.TestCase_1 -->
